*** Using Compiler 'V5.06 update 7 (build 960)', folder: 'C:\keil5\MDK-ARM\ARM\ARM_Compiler_5.06u7\Bin'
Build target 'USART_Return_DMA'
assembling startup_stm32f103xb.s...
compiling main.c...
../Core/Inc/usart.h(45): error:  #20: identifier "RX_BUF_SIZE" is undefined
  extern uint8_t rx_buf[RX_BUF_SIZE];  // å£°æ˜DMAæ¥æ”¶ç¼“å†²åŒºï¼Œä¾›å…¶ä»–æ–‡ä»¶å¼•ç”?
../Core/Src/main.c: 0 warnings, 1 error
compiling usart.c...
../Core/Inc/usart.h(45): error:  #20: identifier "RX_BUF_SIZE" is undefined
  extern uint8_t rx_buf[RX_BUF_SIZE];  // å£°æ˜DMAæ¥æ”¶ç¼“å†²åŒºï¼Œä¾›å…¶ä»–æ–‡ä»¶å¼•ç”?
../Core/Src/usart.c: 0 warnings, 1 error
compiling stm32f1xx_hal_msp.c...
compiling stm32f1xx_it.c...
../Core/Src/stm32f1xx_it.c(227): error:  #20: identifier "RX_BUF_SIZE" is undefined
      uint16_t rx_len = RX_BUF_SIZE - __HAL_DMA_GET_COUNTER(huart1.hdmarx);  // è®¡ç®—æ”¶åˆ°çš„é•¿åº?
../Core/Src/stm32f1xx_it.c(229): error:  #20: identifier "rx_buf" is undefined
      HAL_UART_Transmit(&huart1, rx_buf, rx_len, HAL_MAX_DELAY);  // å›ä¼ æ”¶åˆ°çš„æ•°æ?
../Core/Src/stm32f1xx_it.c: 0 warnings, 2 errors
compiling gpio.c...
compiling stm32f1xx_hal_gpio_ex.c...
compiling dma.c...
compiling stm32f1xx_hal_gpio.c...
compiling stm32f1xx_hal_rcc_ex.c...
compiling stm32f1xx_hal.c...
compiling stm32f1xx_hal_rcc.c...
compiling stm32f1xx_hal_dma.c...
compiling stm32f1xx_hal_uart.c...
compiling stm32f1xx_hal_cortex.c...
compiling stm32f1xx_hal_flash_ex.c...
compiling system_stm32f1xx.c...
compiling stm32f1xx_hal_exti.c...
compiling stm32f1xx_hal_pwr.c...
compiling stm32f1xx_hal_flash.c...
"USART_Return_DMA\USART_Return_DMA.axf" - 4 Error(s), 0 Warning(s).
Target not created.
Build Time Elapsed:  00:00:03
